This is pdfTeX, Version 3.14159265-2.6-1.40.18 (TeX Live 2017/Debian) (preloaded format=pdflatex 2020.5.17)  10 FEB 2021 12:33
entering extended mode
 restricted \write18 enabled.
 %&-line parsing enabled.
**casp_template.tex
(./casp_template.tex
LaTeX2e <2017-04-15>
Babel <3.18> and hyphenation patterns for 84 language(s) loaded.
(/usr/share/texlive/texmf-dist/tex/latex/base/article.cls
Document Class: article 2014/09/29 v1.4h Standard LaTeX document class
(/usr/share/texlive/texmf-dist/tex/latex/base/size12.clo
File: size12.clo 2014/09/29 v1.4h Standard LaTeX file (size option)
)
\c@part=\count79
\c@section=\count80
\c@subsection=\count81
\c@subsubsection=\count82
\c@paragraph=\count83
\c@subparagraph=\count84
\c@figure=\count85
\c@table=\count86
\abovecaptionskip=\skip41
\belowcaptionskip=\skip42
\bibindent=\dimen102
)
(/usr/share/texlive/texmf-dist/tex/latex/geometry/geometry.sty
Package: geometry 2010/09/12 v5.6 Page Geometry

(/usr/share/texlive/texmf-dist/tex/latex/graphics/keyval.sty
Package: keyval 2014/10/28 v1.15 key=value parser (DPC)
\KV@toks@=\toks14
)
(/usr/share/texlive/texmf-dist/tex/generic/oberdiek/ifpdf.sty
Package: ifpdf 2017/03/15 v3.2 Provides the ifpdf switch
)
(/usr/share/texlive/texmf-dist/tex/generic/oberdiek/ifvtex.sty
Package: ifvtex 2016/05/16 v1.6 Detect VTeX and its facilities (HO)
Package ifvtex Info: VTeX not detected.
)
(/usr/share/texlive/texmf-dist/tex/generic/ifxetex/ifxetex.sty
Package: ifxetex 2010/09/12 v0.6 Provides ifxetex conditional
)
\Gm@cnth=\count87
\Gm@cntv=\count88
\c@Gm@tempcnt=\count89
\Gm@bindingoffset=\dimen103
\Gm@wd@mp=\dimen104
\Gm@odd@mp=\dimen105
\Gm@even@mp=\dimen106
\Gm@layoutwidth=\dimen107
\Gm@layoutheight=\dimen108
\Gm@layouthoffset=\dimen109
\Gm@layoutvoffset=\dimen110
\Gm@dimlist=\toks15
)
(/usr/share/texlive/texmf-dist/tex/latex/hyperref/hyperref.sty
Package: hyperref 2018/02/06 v6.86b Hypertext links for LaTeX

(/usr/share/texlive/texmf-dist/tex/generic/oberdiek/hobsub-hyperref.sty
Package: hobsub-hyperref 2016/05/16 v1.14 Bundle oberdiek, subset hyperref (HO)


(/usr/share/texlive/texmf-dist/tex/generic/oberdiek/hobsub-generic.sty
Package: hobsub-generic 2016/05/16 v1.14 Bundle oberdiek, subset generic (HO)
Package: hobsub 2016/05/16 v1.14 Construct package bundles (HO)
Package: infwarerr 2016/05/16 v1.4 Providing info/warning/error messages (HO)
Package: ltxcmds 2016/05/16 v1.23 LaTeX kernel commands for general use (HO)
Package: ifluatex 2016/05/16 v1.4 Provides the ifluatex switch (HO)
Package ifluatex Info: LuaTeX not detected.
Package hobsub Info: Skipping package `ifvtex' (already loaded).
Package: intcalc 2016/05/16 v1.2 Expandable calculations with integers (HO)
Package hobsub Info: Skipping package `ifpdf' (already loaded).
Package: etexcmds 2016/05/16 v1.6 Avoid name clashes with e-TeX commands (HO)
Package etexcmds Info: Could not find \expanded.
(etexcmds)             That can mean that you are not using pdfTeX 1.50 or
(etexcmds)             that some package has redefined \expanded.
(etexcmds)             In the latter case, load this package earlier.
Package: kvsetkeys 2016/05/16 v1.17 Key value parser (HO)
Package: kvdefinekeys 2016/05/16 v1.4 Define keys (HO)
Package: pdftexcmds 2018/01/21 v0.26 Utility functions of pdfTeX for LuaTeX (HO
)
Package pdftexcmds Info: LuaTeX not detected.
Package pdftexcmds Info: \pdf@primitive is available.
Package pdftexcmds Info: \pdf@ifprimitive is available.
Package pdftexcmds Info: \pdfdraftmode found.
Package: pdfescape 2016/05/16 v1.14 Implements pdfTeX's escape features (HO)
Package: bigintcalc 2016/05/16 v1.4 Expandable calculations on big integers (HO
)
Package: bitset 2016/05/16 v1.2 Handle bit-vector datatype (HO)
Package: uniquecounter 2016/05/16 v1.3 Provide unlimited unique counter (HO)
)
Package hobsub Info: Skipping package `hobsub' (already loaded).
Package: letltxmacro 2016/05/16 v1.5 Let assignment for LaTeX macros (HO)
Package: hopatch 2016/05/16 v1.3 Wrapper for package hooks (HO)
Package: xcolor-patch 2016/05/16 xcolor patch
Package: atveryend 2016/05/16 v1.9 Hooks at the very end of document (HO)
Package atveryend Info: \enddocument detected (standard20110627).
Package: atbegshi 2016/06/09 v1.18 At begin shipout hook (HO)
Package: refcount 2016/05/16 v3.5 Data extraction from label references (HO)
Package: hycolor 2016/05/16 v1.8 Color options for hyperref/bookmark (HO)
)
(/usr/share/texlive/texmf-dist/tex/latex/oberdiek/auxhook.sty
Package: auxhook 2016/05/16 v1.4 Hooks for auxiliary files (HO)
)
(/usr/share/texlive/texmf-dist/tex/latex/oberdiek/kvoptions.sty
Package: kvoptions 2016/05/16 v3.12 Key value format for package options (HO)
)
\@linkdim=\dimen111
\Hy@linkcounter=\count90
\Hy@pagecounter=\count91

(/usr/share/texlive/texmf-dist/tex/latex/hyperref/pd1enc.def
File: pd1enc.def 2018/02/06 v6.86b Hyperref: PDFDocEncoding definition (HO)
)
\Hy@SavedSpaceFactor=\count92

(/usr/share/texlive/texmf-dist/tex/latex/latexconfig/hyperref.cfg
File: hyperref.cfg 2002/06/06 v1.2 hyperref configuration of TeXLive
)
Package hyperref Info: Hyper figures OFF on input line 4509.
Package hyperref Info: Link nesting OFF on input line 4514.
Package hyperref Info: Hyper index ON on input line 4517.
Package hyperref Info: Plain pages OFF on input line 4524.
Package hyperref Info: Backreferencing OFF on input line 4529.
Package hyperref Info: Implicit mode ON; LaTeX internals redefined.
Package hyperref Info: Bookmarks ON on input line 4762.
\c@Hy@tempcnt=\count93

(/usr/share/texlive/texmf-dist/tex/latex/url/url.sty
\Urlmuskip=\muskip10
Package: url 2013/09/16  ver 3.4  Verb mode for urls, etc.
)
LaTeX Info: Redefining \url on input line 5115.
\XeTeXLinkMargin=\dimen112
\Fld@menulength=\count94
\Field@Width=\dimen113
\Fld@charsize=\dimen114
Package hyperref Info: Hyper figures OFF on input line 6369.
Package hyperref Info: Link nesting OFF on input line 6374.
Package hyperref Info: Hyper index ON on input line 6377.
Package hyperref Info: backreferencing OFF on input line 6384.
Package hyperref Info: Link coloring OFF on input line 6389.
Package hyperref Info: Link coloring with OCG OFF on input line 6394.
Package hyperref Info: PDF/A mode OFF on input line 6399.
LaTeX Info: Redefining \ref on input line 6439.
LaTeX Info: Redefining \pageref on input line 6443.
\Hy@abspage=\count95
\c@Item=\count96
\c@Hfootnote=\count97
)
Package hyperref Info: Driver (autodetected): hpdftex.

(/usr/share/texlive/texmf-dist/tex/latex/hyperref/hpdftex.def
File: hpdftex.def 2018/02/06 v6.86b Hyperref driver for pdfTeX
\Fld@listcount=\count98
\c@bookmark@seq@number=\count99

(/usr/share/texlive/texmf-dist/tex/latex/oberdiek/rerunfilecheck.sty
Package: rerunfilecheck 2016/05/16 v1.8 Rerun checks for auxiliary files (HO)
Package uniquecounter Info: New unique counter `rerunfilecheck' on input line 2
82.
)
\Hy@SectionHShift=\skip43
)
(/usr/share/texlive/texmf-dist/tex/latex/psnfss/newcent.sty
Package: newcent 2005/04/12 PSNFSS-v9.2a (SPQR) 
)
(/usr/share/texlive/texmf-dist/tex/latex/pdfpages/pdfpages.sty
Package: pdfpages 2017/10/31 v0.5l Insert pages of external PDF documents (AM)

(/usr/share/texlive/texmf-dist/tex/latex/base/ifthen.sty
Package: ifthen 2014/09/29 v1.1c Standard LaTeX ifthen package (DPC)
)
(/usr/share/texlive/texmf-dist/tex/latex/tools/calc.sty
Package: calc 2014/10/28 v4.3 Infix arithmetic (KKT,FJ)
\calc@Acount=\count100
\calc@Bcount=\count101
\calc@Adimen=\dimen115
\calc@Bdimen=\dimen116
\calc@Askip=\skip44
\calc@Bskip=\skip45
LaTeX Info: Redefining \setlength on input line 80.
LaTeX Info: Redefining \addtolength on input line 81.
\calc@Ccount=\count102
\calc@Cskip=\skip46
)
(/usr/share/texlive/texmf-dist/tex/latex/eso-pic/eso-pic.sty
Package: eso-pic 2015/07/21 v2.0g eso-pic (RN)

(/usr/share/texlive/texmf-dist/tex/latex/xcolor/xcolor.sty
Package: xcolor 2016/05/11 v2.12 LaTeX color extensions (UK)

(/usr/share/texlive/texmf-dist/tex/latex/graphics-cfg/color.cfg
File: color.cfg 2016/01/02 v1.6 sample color configuration
)
Package xcolor Info: Driver file: pdftex.def on input line 225.

(/usr/share/texlive/texmf-dist/tex/latex/graphics-def/pdftex.def
File: pdftex.def 2018/01/08 v1.0l Graphics/color driver for pdftex
)
Package xcolor Info: Model `cmy' substituted by `cmy0' on input line 1348.
Package xcolor Info: Model `hsb' substituted by `rgb' on input line 1352.
Package xcolor Info: Model `RGB' extended on input line 1364.
Package xcolor Info: Model `HTML' substituted by `rgb' on input line 1366.
Package xcolor Info: Model `Hsb' substituted by `hsb' on input line 1367.
Package xcolor Info: Model `tHsb' substituted by `hsb' on input line 1368.
Package xcolor Info: Model `HSB' substituted by `hsb' on input line 1369.
Package xcolor Info: Model `Gray' substituted by `gray' on input line 1370.
Package xcolor Info: Model `wave' substituted by `hsb' on input line 1371.
))
(/usr/share/texlive/texmf-dist/tex/latex/graphics/graphicx.sty
Package: graphicx 2017/06/01 v1.1a Enhanced LaTeX Graphics (DPC,SPQR)

(/usr/share/texlive/texmf-dist/tex/latex/graphics/graphics.sty
Package: graphics 2017/06/25 v1.2c Standard LaTeX Graphics (DPC,SPQR)

(/usr/share/texlive/texmf-dist/tex/latex/graphics/trig.sty
Package: trig 2016/01/03 v1.10 sin cos tan (DPC)
)
(/usr/share/texlive/texmf-dist/tex/latex/graphics-cfg/graphics.cfg
File: graphics.cfg 2016/06/04 v1.11 sample graphics configuration
)
Package graphics Info: Driver file: pdftex.def on input line 99.
)
\Gin@req@height=\dimen117
\Gin@req@width=\dimen118
)
\AM@pagewidth=\dimen119
\AM@pageheight=\dimen120

(/usr/share/texlive/texmf-dist/tex/latex/pdfpages/pppdftex.def
File: pppdftex.def 2017/10/31 v0.5l Pdfpages driver for pdfTeX (AM)
)
\AM@pagebox=\box26
\AM@global@opts=\toks16
\AM@toc@title=\toks17
\c@AM@survey=\count103
\AM@templatesizebox=\box27
)
(/usr/share/texlive/texmf-dist/tex/latex/pgf/frontendlayer/tikz.sty
(/usr/share/texlive/texmf-dist/tex/latex/pgf/basiclayer/pgf.sty
(/usr/share/texlive/texmf-dist/tex/latex/pgf/utilities/pgfrcs.sty
(/usr/share/texlive/texmf-dist/tex/generic/pgf/utilities/pgfutil-common.tex
\pgfutil@everybye=\toks18
\pgfutil@tempdima=\dimen121
\pgfutil@tempdimb=\dimen122

(/usr/share/texlive/texmf-dist/tex/generic/pgf/utilities/pgfutil-common-lists.t
ex)) (/usr/share/texlive/texmf-dist/tex/generic/pgf/utilities/pgfutil-latex.def
\pgfutil@abb=\box28
(/usr/share/texlive/texmf-dist/tex/latex/ms/everyshi.sty
Package: everyshi 2001/05/15 v3.00 EveryShipout Package (MS)
))
(/usr/share/texlive/texmf-dist/tex/generic/pgf/utilities/pgfrcs.code.tex
Package: pgfrcs 2015/08/07 v3.0.1a (rcs-revision 1.31)
))
Package: pgf 2015/08/07 v3.0.1a (rcs-revision 1.15)

(/usr/share/texlive/texmf-dist/tex/latex/pgf/basiclayer/pgfcore.sty
(/usr/share/texlive/texmf-dist/tex/latex/pgf/systemlayer/pgfsys.sty
(/usr/share/texlive/texmf-dist/tex/generic/pgf/systemlayer/pgfsys.code.tex
Package: pgfsys 2014/07/09 v3.0.1a (rcs-revision 1.48)

(/usr/share/texlive/texmf-dist/tex/generic/pgf/utilities/pgfkeys.code.tex
\pgfkeys@pathtoks=\toks19
\pgfkeys@temptoks=\toks20

(/usr/share/texlive/texmf-dist/tex/generic/pgf/utilities/pgfkeysfiltered.code.t
ex
\pgfkeys@tmptoks=\toks21
))
\pgf@x=\dimen123
\pgf@y=\dimen124
\pgf@xa=\dimen125
\pgf@ya=\dimen126
\pgf@xb=\dimen127
\pgf@yb=\dimen128
\pgf@xc=\dimen129
\pgf@yc=\dimen130
\w@pgf@writea=\write3
\r@pgf@reada=\read1
\c@pgf@counta=\count104
\c@pgf@countb=\count105
\c@pgf@countc=\count106
\c@pgf@countd=\count107
\t@pgf@toka=\toks22
\t@pgf@tokb=\toks23
\t@pgf@tokc=\toks24
 (/usr/share/texlive/texmf-dist/tex/generic/pgf/systemlayer/pgf.cfg
File: pgf.cfg 2008/05/14  (rcs-revision 1.7)
)
Driver file for pgf: pgfsys-pdftex.def

(/usr/share/texlive/texmf-dist/tex/generic/pgf/systemlayer/pgfsys-pdftex.def
File: pgfsys-pdftex.def 2014/10/11  (rcs-revision 1.35)

(/usr/share/texlive/texmf-dist/tex/generic/pgf/systemlayer/pgfsys-common-pdf.de
f
File: pgfsys-common-pdf.def 2013/10/10  (rcs-revision 1.13)
)))
(/usr/share/texlive/texmf-dist/tex/generic/pgf/systemlayer/pgfsyssoftpath.code.
tex
File: pgfsyssoftpath.code.tex 2013/09/09  (rcs-revision 1.9)
\pgfsyssoftpath@smallbuffer@items=\count108
\pgfsyssoftpath@bigbuffer@items=\count109
)
(/usr/share/texlive/texmf-dist/tex/generic/pgf/systemlayer/pgfsysprotocol.code.
tex
File: pgfsysprotocol.code.tex 2006/10/16  (rcs-revision 1.4)
))
(/usr/share/texlive/texmf-dist/tex/generic/pgf/basiclayer/pgfcore.code.tex
Package: pgfcore 2010/04/11 v3.0.1a (rcs-revision 1.7)

(/usr/share/texlive/texmf-dist/tex/generic/pgf/math/pgfmath.code.tex
(/usr/share/texlive/texmf-dist/tex/generic/pgf/math/pgfmathcalc.code.tex
(/usr/share/texlive/texmf-dist/tex/generic/pgf/math/pgfmathutil.code.tex)
(/usr/share/texlive/texmf-dist/tex/generic/pgf/math/pgfmathparser.code.tex
\pgfmath@dimen=\dimen131
\pgfmath@count=\count110
\pgfmath@box=\box29
\pgfmath@toks=\toks25
\pgfmath@stack@operand=\toks26
\pgfmath@stack@operation=\toks27
)
(/usr/share/texlive/texmf-dist/tex/generic/pgf/math/pgfmathfunctions.code.tex
(/usr/share/texlive/texmf-dist/tex/generic/pgf/math/pgfmathfunctions.basic.code
.tex)
(/usr/share/texlive/texmf-dist/tex/generic/pgf/math/pgfmathfunctions.trigonomet
ric.code.tex)
(/usr/share/texlive/texmf-dist/tex/generic/pgf/math/pgfmathfunctions.random.cod
e.tex)
(/usr/share/texlive/texmf-dist/tex/generic/pgf/math/pgfmathfunctions.comparison
.code.tex)
(/usr/share/texlive/texmf-dist/tex/generic/pgf/math/pgfmathfunctions.base.code.
tex)
(/usr/share/texlive/texmf-dist/tex/generic/pgf/math/pgfmathfunctions.round.code
.tex)
(/usr/share/texlive/texmf-dist/tex/generic/pgf/math/pgfmathfunctions.misc.code.
tex)
(/usr/share/texlive/texmf-dist/tex/generic/pgf/math/pgfmathfunctions.integerari
thmetics.code.tex)))
(/usr/share/texlive/texmf-dist/tex/generic/pgf/math/pgfmathfloat.code.tex
\c@pgfmathroundto@lastzeros=\count111
))
(/usr/share/texlive/texmf-dist/tex/generic/pgf/basiclayer/pgfcorepoints.code.te
x
File: pgfcorepoints.code.tex 2013/10/07  (rcs-revision 1.27)
\pgf@picminx=\dimen132
\pgf@picmaxx=\dimen133
\pgf@picminy=\dimen134
\pgf@picmaxy=\dimen135
\pgf@pathminx=\dimen136
\pgf@pathmaxx=\dimen137
\pgf@pathminy=\dimen138
\pgf@pathmaxy=\dimen139
\pgf@xx=\dimen140
\pgf@xy=\dimen141
\pgf@yx=\dimen142
\pgf@yy=\dimen143
\pgf@zx=\dimen144
\pgf@zy=\dimen145
)
(/usr/share/texlive/texmf-dist/tex/generic/pgf/basiclayer/pgfcorepathconstruct.
code.tex
File: pgfcorepathconstruct.code.tex 2013/10/07  (rcs-revision 1.29)
\pgf@path@lastx=\dimen146
\pgf@path@lasty=\dimen147
)
(/usr/share/texlive/texmf-dist/tex/generic/pgf/basiclayer/pgfcorepathusage.code
.tex
File: pgfcorepathusage.code.tex 2014/11/02  (rcs-revision 1.24)
\pgf@shorten@end@additional=\dimen148
\pgf@shorten@start@additional=\dimen149
)
(/usr/share/texlive/texmf-dist/tex/generic/pgf/basiclayer/pgfcorescopes.code.te
x
File: pgfcorescopes.code.tex 2015/05/08  (rcs-revision 1.46)
\pgfpic=\box30
\pgf@hbox=\box31
\pgf@layerbox@main=\box32
\pgf@picture@serial@count=\count112
)
(/usr/share/texlive/texmf-dist/tex/generic/pgf/basiclayer/pgfcoregraphicstate.c
ode.tex
File: pgfcoregraphicstate.code.tex 2014/11/02  (rcs-revision 1.12)
\pgflinewidth=\dimen150
)
(/usr/share/texlive/texmf-dist/tex/generic/pgf/basiclayer/pgfcoretransformation
s.code.tex
File: pgfcoretransformations.code.tex 2015/08/07  (rcs-revision 1.20)
\pgf@pt@x=\dimen151
\pgf@pt@y=\dimen152
\pgf@pt@temp=\dimen153
)
(/usr/share/texlive/texmf-dist/tex/generic/pgf/basiclayer/pgfcorequick.code.tex
File: pgfcorequick.code.tex 2008/10/09  (rcs-revision 1.3)
)
(/usr/share/texlive/texmf-dist/tex/generic/pgf/basiclayer/pgfcoreobjects.code.t
ex
File: pgfcoreobjects.code.tex 2006/10/11  (rcs-revision 1.2)
)
(/usr/share/texlive/texmf-dist/tex/generic/pgf/basiclayer/pgfcorepathprocessing
.code.tex
File: pgfcorepathprocessing.code.tex 2013/09/09  (rcs-revision 1.9)
)
(/usr/share/texlive/texmf-dist/tex/generic/pgf/basiclayer/pgfcorearrows.code.te
x
File: pgfcorearrows.code.tex 2015/05/14  (rcs-revision 1.43)
\pgfarrowsep=\dimen154
)
(/usr/share/texlive/texmf-dist/tex/generic/pgf/basiclayer/pgfcoreshade.code.tex
File: pgfcoreshade.code.tex 2013/07/15  (rcs-revision 1.15)
\pgf@max=\dimen155
\pgf@sys@shading@range@num=\count113
)
(/usr/share/texlive/texmf-dist/tex/generic/pgf/basiclayer/pgfcoreimage.code.tex
File: pgfcoreimage.code.tex 2013/07/15  (rcs-revision 1.18)

(/usr/share/texlive/texmf-dist/tex/generic/pgf/basiclayer/pgfcoreexternal.code.
tex
File: pgfcoreexternal.code.tex 2014/07/09  (rcs-revision 1.21)
\pgfexternal@startupbox=\box33
))
(/usr/share/texlive/texmf-dist/tex/generic/pgf/basiclayer/pgfcorelayers.code.te
x
File: pgfcorelayers.code.tex 2013/07/18  (rcs-revision 1.7)
)
(/usr/share/texlive/texmf-dist/tex/generic/pgf/basiclayer/pgfcoretransparency.c
ode.tex
File: pgfcoretransparency.code.tex 2013/09/30  (rcs-revision 1.5)
)
(/usr/share/texlive/texmf-dist/tex/generic/pgf/basiclayer/pgfcorepatterns.code.
tex
File: pgfcorepatterns.code.tex 2013/11/07  (rcs-revision 1.5)
)))
(/usr/share/texlive/texmf-dist/tex/generic/pgf/modules/pgfmoduleshapes.code.tex
File: pgfmoduleshapes.code.tex 2014/03/21  (rcs-revision 1.35)
\pgfnodeparttextbox=\box34
) (/usr/share/texlive/texmf-dist/tex/generic/pgf/modules/pgfmoduleplot.code.tex
File: pgfmoduleplot.code.tex 2015/08/03  (rcs-revision 1.13)
)
(/usr/share/texlive/texmf-dist/tex/latex/pgf/compatibility/pgfcomp-version-0-65
.sty
Package: pgfcomp-version-0-65 2007/07/03 v3.0.1a (rcs-revision 1.7)
\pgf@nodesepstart=\dimen156
\pgf@nodesepend=\dimen157
)
(/usr/share/texlive/texmf-dist/tex/latex/pgf/compatibility/pgfcomp-version-1-18
.sty
Package: pgfcomp-version-1-18 2007/07/23 v3.0.1a (rcs-revision 1.1)
)) (/usr/share/texlive/texmf-dist/tex/latex/pgf/utilities/pgffor.sty
(/usr/share/texlive/texmf-dist/tex/latex/pgf/utilities/pgfkeys.sty
(/usr/share/texlive/texmf-dist/tex/generic/pgf/utilities/pgfkeys.code.tex))
(/usr/share/texlive/texmf-dist/tex/latex/pgf/math/pgfmath.sty
(/usr/share/texlive/texmf-dist/tex/generic/pgf/math/pgfmath.code.tex))
(/usr/share/texlive/texmf-dist/tex/generic/pgf/utilities/pgffor.code.tex
Package: pgffor 2013/12/13 v3.0.1a (rcs-revision 1.25)

(/usr/share/texlive/texmf-dist/tex/generic/pgf/math/pgfmath.code.tex)
\pgffor@iter=\dimen158
\pgffor@skip=\dimen159
\pgffor@stack=\toks28
\pgffor@toks=\toks29
))
(/usr/share/texlive/texmf-dist/tex/generic/pgf/frontendlayer/tikz/tikz.code.tex
Package: tikz 2015/08/07 v3.0.1a (rcs-revision 1.151)

(/usr/share/texlive/texmf-dist/tex/generic/pgf/libraries/pgflibraryplothandlers
.code.tex
File: pgflibraryplothandlers.code.tex 2013/08/31 v3.0.1a (rcs-revision 1.20)
\pgf@plot@mark@count=\count114
\pgfplotmarksize=\dimen160
)
\tikz@lastx=\dimen161
\tikz@lasty=\dimen162
\tikz@lastxsaved=\dimen163
\tikz@lastysaved=\dimen164
\tikzleveldistance=\dimen165
\tikzsiblingdistance=\dimen166
\tikz@figbox=\box35
\tikz@figbox@bg=\box36
\tikz@tempbox=\box37
\tikz@tempbox@bg=\box38
\tikztreelevel=\count115
\tikznumberofchildren=\count116
\tikznumberofcurrentchild=\count117
\tikz@fig@count=\count118

(/usr/share/texlive/texmf-dist/tex/generic/pgf/modules/pgfmodulematrix.code.tex
File: pgfmodulematrix.code.tex 2013/09/17  (rcs-revision 1.8)
\pgfmatrixcurrentrow=\count119
\pgfmatrixcurrentcolumn=\count120
\pgf@matrix@numberofcolumns=\count121
)
\tikz@expandcount=\count122

(/usr/share/texlive/texmf-dist/tex/generic/pgf/frontendlayer/tikz/libraries/tik
zlibrarytopaths.code.tex
File: tikzlibrarytopaths.code.tex 2008/06/17 v3.0.1a (rcs-revision 1.2)
))) (./casp_template.aux)
\openout1 = `casp_template.aux'.

LaTeX Font Info:    Checking defaults for OML/cmm/m/it on input line 57.
LaTeX Font Info:    ... okay on input line 57.
LaTeX Font Info:    Checking defaults for T1/cmr/m/n on input line 57.
LaTeX Font Info:    ... okay on input line 57.
LaTeX Font Info:    Checking defaults for OT1/cmr/m/n on input line 57.
LaTeX Font Info:    ... okay on input line 57.
LaTeX Font Info:    Checking defaults for OMS/cmsy/m/n on input line 57.
LaTeX Font Info:    ... okay on input line 57.
LaTeX Font Info:    Checking defaults for OMX/cmex/m/n on input line 57.
LaTeX Font Info:    ... okay on input line 57.
LaTeX Font Info:    Checking defaults for U/cmr/m/n on input line 57.
LaTeX Font Info:    ... okay on input line 57.
LaTeX Font Info:    Checking defaults for PD1/pdf/m/n on input line 57.
LaTeX Font Info:    ... okay on input line 57.
LaTeX Font Info:    Try loading font information for OT1+pnc on input line 57.

(/usr/share/texlive/texmf-dist/tex/latex/psnfss/ot1pnc.fd
File: ot1pnc.fd 2001/06/04 font definitions for OT1/pnc.
)
*geometry* driver: auto-detecting
*geometry* detected driver: pdftex
*geometry* verbose mode - [ preamble ] result:
* driver: pdftex
* paper: <default>
* layout: <same size as paper>
* layoutoffset:(h,v)=(0.0pt,0.0pt)
* modes: 
* h-part:(L,W,R)=(0.0pt, 614.295pt, 0.0pt)
* v-part:(T,H,B)=(28.90755pt, 766.06244pt, 0.0pt)
* \paperwidth=614.295pt
* \paperheight=794.96999pt
* \textwidth=614.295pt
* \textheight=766.06244pt
* \oddsidemargin=-72.26999pt
* \evensidemargin=-72.26999pt
* \topmargin=-80.36244pt
* \headheight=12.0pt
* \headsep=25.0pt
* \topskip=12.0pt
* \footskip=30.0pt
* \marginparwidth=44.0pt
* \marginparsep=10.0pt
* \columnsep=10.0pt
* \skip\footins=10.8pt plus 4.0pt minus 2.0pt
* \hoffset=0.0pt
* \voffset=0.0pt
* \mag=1000
* \@twocolumnfalse
* \@twosidefalse
* \@mparswitchfalse
* \@reversemarginfalse
* (1in=72.27pt=25.4mm, 1cm=28.453pt)

\AtBeginShipoutBox=\box39
Package hyperref Info: Link coloring OFF on input line 57.
(/usr/share/texlive/texmf-dist/tex/latex/hyperref/nameref.sty
Package: nameref 2016/05/21 v2.44 Cross-referencing by name of section

(/usr/share/texlive/texmf-dist/tex/generic/oberdiek/gettitlestring.sty
Package: gettitlestring 2016/05/16 v1.5 Cleanup title references (HO)
)
\c@section@level=\count123
)
LaTeX Info: Redefining \ref on input line 57.
LaTeX Info: Redefining \pageref on input line 57.
LaTeX Info: Redefining \nameref on input line 57.

(./casp_template.out) (./casp_template.out)
\@outlinefile=\write4
\openout4 = `casp_template.out'.


(/usr/share/texlive/texmf-dist/tex/context/base/mkii/supp-pdf.mkii
[Loading MPS to PDF converter (version 2006.09.02).]
\scratchcounter=\count124
\scratchdimen=\dimen167
\scratchbox=\box40
\nofMPsegments=\count125
\nofMParguments=\count126
\everyMPshowfont=\toks30
\MPscratchCnt=\count127
\MPscratchDim=\dimen168
\MPnumerator=\count128
\makeMPintoPDFobject=\count129
\everyMPtoPDFconversion=\toks31
) (/usr/share/texlive/texmf-dist/tex/latex/oberdiek/epstopdf-base.sty
Package: epstopdf-base 2016/05/15 v2.6 Base part for package epstopdf

(/usr/share/texlive/texmf-dist/tex/latex/oberdiek/grfext.sty
Package: grfext 2016/05/16 v1.2 Manage graphics extensions (HO)
)
Package epstopdf-base Info: Redefining graphics rule for `.eps' on input line 4
38.
Package grfext Info: Graphics extension search list:
(grfext)             [.pdf,.png,.jpg,.mps,.jpeg,.jbig2,.jb2,.PDF,.PNG,.JPG,.JPE
G,.JBIG2,.JB2,.eps]
(grfext)             \AppendGraphicsExtensions on input line 456.

(/usr/share/texlive/texmf-dist/tex/latex/latexconfig/epstopdf-sys.cfg
File: epstopdf-sys.cfg 2010/07/13 v1.3 Configuration of (r)epstopdf for TeX Liv
e
))
(/usr/share/texlive/texmf-dist/tex/latex/oberdiek/pdflscape.sty
Package: pdflscape 2016/05/14 v0.11 Display of landscape pages in PDF (HO)

(/usr/share/texlive/texmf-dist/tex/latex/graphics/lscape.sty
Package: lscape 2000/10/22 v3.01 Landscape Pages (DPC)
)
Package pdflscape Info: Auto-detected driver: pdftex on input line 81.
)
ABD: EveryShipout initializing macros
LaTeX Font Info:    External font `cmex10' loaded for size
(Font)              <12> on input line 80.
LaTeX Font Info:    External font `cmex10' loaded for size
(Font)              <8> on input line 80.
LaTeX Font Info:    External font `cmex10' loaded for size
(Font)              <6> on input line 80.

Overfull \hbox (13.47174pt too wide) in paragraph at lines 80--81
 [][][][] 
 []

LaTeX Font Info:    Font shape `OT1/pnc/bx/n' in size <20.74> not available
(Font)              Font shape `OT1/pnc/b/n' tried instead on input line 88.
LaTeX Font Info:    Font shape `OT1/pnc/bx/n' in size <14.4> not available
(Font)              Font shape `OT1/pnc/b/n' tried instead on input line 90.
<input_paper.pdf, id=8, 614.295pt x 794.97pt>
File: input_paper.pdf Graphic file (type pdf)
<use input_paper.pdf>
Package pdftex.def Info: input_paper.pdf  used on input line 108.
(pdftex.def)             Requested size: 614.29349pt x 794.96806pt.
File: input_paper.pdf Graphic file (type pdf)
<use input_paper.pdf>
Package pdftex.def Info: input_paper.pdf  used on input line 108.
(pdftex.def)             Requested size: 614.29349pt x 794.96806pt.
<input_paper.pdf, id=11, page=1, 614.295pt x 794.97pt>
File: input_paper.pdf Graphic file (type pdf)
<use input_paper.pdf, page 1>
Package pdftex.def Info: input_paper.pdf , page1 used on input line 108.
(pdftex.def)             Requested size: 614.29349pt x 794.96806pt.
File: input_paper.pdf Graphic file (type pdf)
<use input_paper.pdf, page 1>
Package pdftex.def Info: input_paper.pdf , page1 used on input line 108.
(pdftex.def)             Requested size: 614.58406pt x 795.3441pt.
[1

{/var/lib/texmf/fonts/map/pdftex/updmap/pdftex.map}]
File: input_paper.pdf Graphic file (type pdf)
<use input_paper.pdf, page 1>
Package pdftex.def Info: input_paper.pdf , page1 used on input line 108.
(pdftex.def)             Requested size: 614.58406pt x 795.3441pt.
File: input_paper.pdf Graphic file (type pdf)
<use input_paper.pdf, page 1>
Package pdftex.def Info: input_paper.pdf , page1 used on input line 108.
(pdftex.def)             Requested size: 614.58406pt x 795.3441pt.
File: input_paper.pdf Graphic file (type pdf)
<use input_paper.pdf, page 1>
Package pdftex.def Info: input_paper.pdf , page1 used on input line 108.
(pdftex.def)             Requested size: 614.58406pt x 795.3441pt.
 [2 <./input_paper.pdf>]
<input_paper.pdf, id=44, page=2, 614.295pt x 794.97pt>
File: input_paper.pdf Graphic file (type pdf)
<use input_paper.pdf, page 2>
Package pdftex.def Info: input_paper.pdf , page2 used on input line 108.
(pdftex.def)             Requested size: 614.58406pt x 795.3441pt.
File: input_paper.pdf Graphic file (type pdf)
<use input_paper.pdf, page 2>
Package pdftex.def Info: input_paper.pdf , page2 used on input line 108.
(pdftex.def)             Requested size: 614.58406pt x 795.3441pt.
File: input_paper.pdf Graphic file (type pdf)
<use input_paper.pdf, page 2>
Package pdftex.def Info: input_paper.pdf , page2 used on input line 108.
(pdftex.def)             Requested size: 614.58406pt x 795.3441pt.

[3 <./input_paper.pdf>]
<input_paper.pdf, id=49, page=3, 614.295pt x 794.97pt>
File: input_paper.pdf Graphic file (type pdf)
<use input_paper.pdf, page 3>
Package pdftex.def Info: input_paper.pdf , page3 used on input line 108.
(pdftex.def)             Requested size: 614.58406pt x 795.3441pt.
File: input_paper.pdf Graphic file (type pdf)
<use input_paper.pdf, page 3>
Package pdftex.def Info: input_paper.pdf , page3 used on input line 108.
(pdftex.def)             Requested size: 614.58406pt x 795.3441pt.
File: input_paper.pdf Graphic file (type pdf)
<use input_paper.pdf, page 3>
Package pdftex.def Info: input_paper.pdf , page3 used on input line 108.
(pdftex.def)             Requested size: 614.58406pt x 795.3441pt.
 [4 <./input_paper.pdf>]
<input_paper.pdf, id=54, page=4, 614.295pt x 794.97pt>
File: input_paper.pdf Graphic file (type pdf)
<use input_paper.pdf, page 4>
Package pdftex.def Info: input_paper.pdf , page4 used on input line 108.
(pdftex.def)             Requested size: 614.58406pt x 795.3441pt.
File: input_paper.pdf Graphic file (type pdf)
<use input_paper.pdf, page 4>
Package pdftex.def Info: input_paper.pdf , page4 used on input line 108.
(pdftex.def)             Requested size: 614.58406pt x 795.3441pt.
File: input_paper.pdf Graphic file (type pdf)
<use input_paper.pdf, page 4>
Package pdftex.def Info: input_paper.pdf , page4 used on input line 108.
(pdftex.def)             Requested size: 614.58406pt x 795.3441pt.
 [5 <./input_paper.pdf>]
<input_paper.pdf, id=59, page=5, 614.295pt x 794.97pt>
File: input_paper.pdf Graphic file (type pdf)
<use input_paper.pdf, page 5>
Package pdftex.def Info: input_paper.pdf , page5 used on input line 108.
(pdftex.def)             Requested size: 614.58406pt x 795.3441pt.
File: input_paper.pdf Graphic file (type pdf)
<use input_paper.pdf, page 5>
Package pdftex.def Info: input_paper.pdf , page5 used on input line 108.
(pdftex.def)             Requested size: 614.58406pt x 795.3441pt.
File: input_paper.pdf Graphic file (type pdf)
<use input_paper.pdf, page 5>
Package pdftex.def Info: input_paper.pdf , page5 used on input line 108.
(pdftex.def)             Requested size: 614.58406pt x 795.3441pt.

[6 <./input_paper.pdf>]
<input_paper.pdf, id=65, page=6, 614.295pt x 794.97pt>
File: input_paper.pdf Graphic file (type pdf)
<use input_paper.pdf, page 6>
Package pdftex.def Info: input_paper.pdf , page6 used on input line 108.
(pdftex.def)             Requested size: 614.58406pt x 795.3441pt.
File: input_paper.pdf Graphic file (type pdf)
<use input_paper.pdf, page 6>
Package pdftex.def Info: input_paper.pdf , page6 used on input line 108.
(pdftex.def)             Requested size: 614.58406pt x 795.3441pt.
File: input_paper.pdf Graphic file (type pdf)
<use input_paper.pdf, page 6>
Package pdftex.def Info: input_paper.pdf , page6 used on input line 108.
(pdftex.def)             Requested size: 614.58406pt x 795.3441pt.
 [7 <./input_paper.pdf>]
<input_paper.pdf, id=73, page=7, 614.295pt x 794.97pt>
File: input_paper.pdf Graphic file (type pdf)
<use input_paper.pdf, page 7>
Package pdftex.def Info: input_paper.pdf , page7 used on input line 108.
(pdftex.def)             Requested size: 614.58406pt x 795.3441pt.
File: input_paper.pdf Graphic file (type pdf)
<use input_paper.pdf, page 7>
Package pdftex.def Info: input_paper.pdf , page7 used on input line 108.
(pdftex.def)             Requested size: 614.58406pt x 795.3441pt.
File: input_paper.pdf Graphic file (type pdf)
<use input_paper.pdf, page 7>
Package pdftex.def Info: input_paper.pdf , page7 used on input line 108.
(pdftex.def)             Requested size: 614.58406pt x 795.3441pt.
 [8 <./input_paper.pdf>]
<input_paper.pdf, id=80, page=8, 614.295pt x 794.97pt>
File: input_paper.pdf Graphic file (type pdf)
<use input_paper.pdf, page 8>
Package pdftex.def Info: input_paper.pdf , page8 used on input line 108.
(pdftex.def)             Requested size: 614.58406pt x 795.3441pt.
File: input_paper.pdf Graphic file (type pdf)
<use input_paper.pdf, page 8>
Package pdftex.def Info: input_paper.pdf , page8 used on input line 108.
(pdftex.def)             Requested size: 614.58406pt x 795.3441pt.
File: input_paper.pdf Graphic file (type pdf)
<use input_paper.pdf, page 8>
Package pdftex.def Info: input_paper.pdf , page8 used on input line 108.
(pdftex.def)             Requested size: 614.58406pt x 795.3441pt.

[9 <./input_paper.pdf>]
<input_paper.pdf, id=85, page=9, 614.295pt x 794.97pt>
File: input_paper.pdf Graphic file (type pdf)
<use input_paper.pdf, page 9>
Package pdftex.def Info: input_paper.pdf , page9 used on input line 108.
(pdftex.def)             Requested size: 614.58406pt x 795.3441pt.
File: input_paper.pdf Graphic file (type pdf)
<use input_paper.pdf, page 9>
Package pdftex.def Info: input_paper.pdf , page9 used on input line 108.
(pdftex.def)             Requested size: 614.58406pt x 795.3441pt.
File: input_paper.pdf Graphic file (type pdf)
<use input_paper.pdf, page 9>
Package pdftex.def Info: input_paper.pdf , page9 used on input line 108.
(pdftex.def)             Requested size: 614.58406pt x 795.3441pt.
 [10 <./input_paper.pdf>]
<input_paper.pdf, id=90, page=10, 614.295pt x 794.97pt>
File: input_paper.pdf Graphic file (type pdf)
<use input_paper.pdf, page 10>
Package pdftex.def Info: input_paper.pdf , page10 used on input line 108.
(pdftex.def)             Requested size: 614.58406pt x 795.3441pt.
File: input_paper.pdf Graphic file (type pdf)
<use input_paper.pdf, page 10>
Package pdftex.def Info: input_paper.pdf , page10 used on input line 108.
(pdftex.def)             Requested size: 614.58406pt x 795.3441pt.
File: input_paper.pdf Graphic file (type pdf)
<use input_paper.pdf, page 10>
Package pdftex.def Info: input_paper.pdf , page10 used on input line 108.
(pdftex.def)             Requested size: 614.58406pt x 795.3441pt.
 [11 <./input_paper.pdf>]
<input_paper.pdf, id=95, page=11, 614.295pt x 794.97pt>
File: input_paper.pdf Graphic file (type pdf)
<use input_paper.pdf, page 11>
Package pdftex.def Info: input_paper.pdf , page11 used on input line 108.
(pdftex.def)             Requested size: 614.58406pt x 795.3441pt.
File: input_paper.pdf Graphic file (type pdf)
<use input_paper.pdf, page 11>
Package pdftex.def Info: input_paper.pdf , page11 used on input line 108.
(pdftex.def)             Requested size: 614.58406pt x 795.3441pt.
File: input_paper.pdf Graphic file (type pdf)
<use input_paper.pdf, page 11>
Package pdftex.def Info: input_paper.pdf , page11 used on input line 108.
(pdftex.def)             Requested size: 614.58406pt x 795.3441pt.

[12 <./input_paper.pdf>]
<input_paper.pdf, id=100, page=12, 614.295pt x 794.97pt>
File: input_paper.pdf Graphic file (type pdf)
<use input_paper.pdf, page 12>
Package pdftex.def Info: input_paper.pdf , page12 used on input line 108.
(pdftex.def)             Requested size: 614.58406pt x 795.3441pt.
File: input_paper.pdf Graphic file (type pdf)
<use input_paper.pdf, page 12>
Package pdftex.def Info: input_paper.pdf , page12 used on input line 108.
(pdftex.def)             Requested size: 614.58406pt x 795.3441pt.
File: input_paper.pdf Graphic file (type pdf)
<use input_paper.pdf, page 12>
Package pdftex.def Info: input_paper.pdf , page12 used on input line 108.
(pdftex.def)             Requested size: 614.58406pt x 795.3441pt.
 [13 <./input_paper.pdf>]
<input_paper.pdf, id=106, page=13, 614.295pt x 794.97pt>
File: input_paper.pdf Graphic file (type pdf)
<use input_paper.pdf, page 13>
Package pdftex.def Info: input_paper.pdf , page13 used on input line 108.
(pdftex.def)             Requested size: 614.58406pt x 795.3441pt.
File: input_paper.pdf Graphic file (type pdf)
<use input_paper.pdf, page 13>
Package pdftex.def Info: input_paper.pdf , page13 used on input line 108.
(pdftex.def)             Requested size: 614.58406pt x 795.3441pt.
File: input_paper.pdf Graphic file (type pdf)
<use input_paper.pdf, page 13>
Package pdftex.def Info: input_paper.pdf , page13 used on input line 108.
(pdftex.def)             Requested size: 614.58406pt x 795.3441pt.
 [14 <./input_paper.pdf>]
<input_paper.pdf, id=112, page=14, 614.295pt x 794.97pt>
File: input_paper.pdf Graphic file (type pdf)
<use input_paper.pdf, page 14>
Package pdftex.def Info: input_paper.pdf , page14 used on input line 108.
(pdftex.def)             Requested size: 614.58406pt x 795.3441pt.
File: input_paper.pdf Graphic file (type pdf)
<use input_paper.pdf, page 14>
Package pdftex.def Info: input_paper.pdf , page14 used on input line 108.
(pdftex.def)             Requested size: 614.58406pt x 795.3441pt.
File: input_paper.pdf Graphic file (type pdf)
<use input_paper.pdf, page 14>
Package pdftex.def Info: input_paper.pdf , page14 used on input line 108.
(pdftex.def)             Requested size: 614.58406pt x 795.3441pt.

[15 <./input_paper.pdf>]
<input_paper.pdf, id=118, page=15, 614.295pt x 794.97pt>
File: input_paper.pdf Graphic file (type pdf)
<use input_paper.pdf, page 15>
Package pdftex.def Info: input_paper.pdf , page15 used on input line 108.
(pdftex.def)             Requested size: 614.58406pt x 795.3441pt.
File: input_paper.pdf Graphic file (type pdf)
<use input_paper.pdf, page 15>
Package pdftex.def Info: input_paper.pdf , page15 used on input line 108.
(pdftex.def)             Requested size: 614.58406pt x 795.3441pt.
File: input_paper.pdf Graphic file (type pdf)
<use input_paper.pdf, page 15>
Package pdftex.def Info: input_paper.pdf , page15 used on input line 108.
(pdftex.def)             Requested size: 614.58406pt x 795.3441pt.
 [16 <./input_paper.pdf>]
<input_paper.pdf, id=128, page=16, 614.295pt x 794.97pt>
File: input_paper.pdf Graphic file (type pdf)
<use input_paper.pdf, page 16>
Package pdftex.def Info: input_paper.pdf , page16 used on input line 108.
(pdftex.def)             Requested size: 614.58406pt x 795.3441pt.
File: input_paper.pdf Graphic file (type pdf)
<use input_paper.pdf, page 16>
Package pdftex.def Info: input_paper.pdf , page16 used on input line 108.
(pdftex.def)             Requested size: 614.58406pt x 795.3441pt.
File: input_paper.pdf Graphic file (type pdf)
<use input_paper.pdf, page 16>
Package pdftex.def Info: input_paper.pdf , page16 used on input line 108.
(pdftex.def)             Requested size: 614.58406pt x 795.3441pt.
 [17 <./input_paper.pdf>]
<input_paper.pdf, id=133, page=17, 614.295pt x 794.97pt>
File: input_paper.pdf Graphic file (type pdf)
<use input_paper.pdf, page 17>
Package pdftex.def Info: input_paper.pdf , page17 used on input line 108.
(pdftex.def)             Requested size: 614.58406pt x 795.3441pt.
File: input_paper.pdf Graphic file (type pdf)
<use input_paper.pdf, page 17>
Package pdftex.def Info: input_paper.pdf , page17 used on input line 108.
(pdftex.def)             Requested size: 614.58406pt x 795.3441pt.
File: input_paper.pdf Graphic file (type pdf)
<use input_paper.pdf, page 17>
Package pdftex.def Info: input_paper.pdf , page17 used on input line 108.
(pdftex.def)             Requested size: 614.58406pt x 795.3441pt.

[18 <./input_paper.pdf>]
<input_paper.pdf, id=138, page=18, 614.295pt x 794.97pt>
File: input_paper.pdf Graphic file (type pdf)
<use input_paper.pdf, page 18>
Package pdftex.def Info: input_paper.pdf , page18 used on input line 108.
(pdftex.def)             Requested size: 614.58406pt x 795.3441pt.
File: input_paper.pdf Graphic file (type pdf)
<use input_paper.pdf, page 18>
Package pdftex.def Info: input_paper.pdf , page18 used on input line 108.
(pdftex.def)             Requested size: 614.58406pt x 795.3441pt.
File: input_paper.pdf Graphic file (type pdf)
<use input_paper.pdf, page 18>
Package pdftex.def Info: input_paper.pdf , page18 used on input line 108.
(pdftex.def)             Requested size: 614.58406pt x 795.3441pt.
 [19 <./input_paper.pdf>]
<input_paper.pdf, id=149, page=19, 614.295pt x 794.97pt>
File: input_paper.pdf Graphic file (type pdf)
<use input_paper.pdf, page 19>
Package pdftex.def Info: input_paper.pdf , page19 used on input line 108.
(pdftex.def)             Requested size: 614.58406pt x 795.3441pt.
File: input_paper.pdf Graphic file (type pdf)
<use input_paper.pdf, page 19>
Package pdftex.def Info: input_paper.pdf , page19 used on input line 108.
(pdftex.def)             Requested size: 614.58406pt x 795.3441pt.
File: input_paper.pdf Graphic file (type pdf)
<use input_paper.pdf, page 19>
Package pdftex.def Info: input_paper.pdf , page19 used on input line 108.
(pdftex.def)             Requested size: 614.58406pt x 795.3441pt.
 [20 <./input_paper.pdf>]
<input_paper.pdf, id=156, page=20, 614.295pt x 794.97pt>
File: input_paper.pdf Graphic file (type pdf)
<use input_paper.pdf, page 20>
Package pdftex.def Info: input_paper.pdf , page20 used on input line 108.
(pdftex.def)             Requested size: 614.58406pt x 795.3441pt.
File: input_paper.pdf Graphic file (type pdf)
<use input_paper.pdf, page 20>
Package pdftex.def Info: input_paper.pdf , page20 used on input line 108.
(pdftex.def)             Requested size: 614.58406pt x 795.3441pt.
File: input_paper.pdf Graphic file (type pdf)
<use input_paper.pdf, page 20>
Package pdftex.def Info: input_paper.pdf , page20 used on input line 108.
(pdftex.def)             Requested size: 614.58406pt x 795.3441pt.

[21 <./input_paper.pdf>]
<input_paper.pdf, id=162, page=21, 614.295pt x 794.97pt>
File: input_paper.pdf Graphic file (type pdf)
<use input_paper.pdf, page 21>
Package pdftex.def Info: input_paper.pdf , page21 used on input line 108.
(pdftex.def)             Requested size: 614.58406pt x 795.3441pt.
File: input_paper.pdf Graphic file (type pdf)
<use input_paper.pdf, page 21>
Package pdftex.def Info: input_paper.pdf , page21 used on input line 108.
(pdftex.def)             Requested size: 614.58406pt x 795.3441pt.
File: input_paper.pdf Graphic file (type pdf)
<use input_paper.pdf, page 21>
Package pdftex.def Info: input_paper.pdf , page21 used on input line 108.
(pdftex.def)             Requested size: 614.58406pt x 795.3441pt.
 [22 <./input_paper.pdf>]
<input_paper.pdf, id=167, page=22, 614.295pt x 794.97pt>
File: input_paper.pdf Graphic file (type pdf)
<use input_paper.pdf, page 22>
Package pdftex.def Info: input_paper.pdf , page22 used on input line 108.
(pdftex.def)             Requested size: 614.58406pt x 795.3441pt.
File: input_paper.pdf Graphic file (type pdf)
<use input_paper.pdf, page 22>
Package pdftex.def Info: input_paper.pdf , page22 used on input line 108.
(pdftex.def)             Requested size: 614.58406pt x 795.3441pt.
File: input_paper.pdf Graphic file (type pdf)
<use input_paper.pdf, page 22>
Package pdftex.def Info: input_paper.pdf , page22 used on input line 108.
(pdftex.def)             Requested size: 614.58406pt x 795.3441pt.
 [23 <./input_paper.pdf>]
<input_paper.pdf, id=175, page=23, 614.295pt x 794.97pt>
File: input_paper.pdf Graphic file (type pdf)
<use input_paper.pdf, page 23>
Package pdftex.def Info: input_paper.pdf , page23 used on input line 108.
(pdftex.def)             Requested size: 614.58406pt x 795.3441pt.
File: input_paper.pdf Graphic file (type pdf)
<use input_paper.pdf, page 23>
Package pdftex.def Info: input_paper.pdf , page23 used on input line 108.
(pdftex.def)             Requested size: 614.58406pt x 795.3441pt.
File: input_paper.pdf Graphic file (type pdf)
<use input_paper.pdf, page 23>
Package pdftex.def Info: input_paper.pdf , page23 used on input line 108.
(pdftex.def)             Requested size: 614.58406pt x 795.3441pt.

[24 <./input_paper.pdf>]
<input_paper.pdf, id=181, page=24, 614.295pt x 794.97pt>
File: input_paper.pdf Graphic file (type pdf)
<use input_paper.pdf, page 24>
Package pdftex.def Info: input_paper.pdf , page24 used on input line 108.
(pdftex.def)             Requested size: 614.58406pt x 795.3441pt.
File: input_paper.pdf Graphic file (type pdf)
<use input_paper.pdf, page 24>
Package pdftex.def Info: input_paper.pdf , page24 used on input line 108.
(pdftex.def)             Requested size: 614.58406pt x 795.3441pt.
File: input_paper.pdf Graphic file (type pdf)
<use input_paper.pdf, page 24>
Package pdftex.def Info: input_paper.pdf , page24 used on input line 108.
(pdftex.def)             Requested size: 614.58406pt x 795.3441pt.
 [25 <./input_paper.pdf>]
<input_paper.pdf, id=187, page=25, 614.295pt x 794.97pt>
File: input_paper.pdf Graphic file (type pdf)
<use input_paper.pdf, page 25>
Package pdftex.def Info: input_paper.pdf , page25 used on input line 108.
(pdftex.def)             Requested size: 614.58406pt x 795.3441pt.
File: input_paper.pdf Graphic file (type pdf)
<use input_paper.pdf, page 25>
Package pdftex.def Info: input_paper.pdf , page25 used on input line 108.
(pdftex.def)             Requested size: 614.58406pt x 795.3441pt.
File: input_paper.pdf Graphic file (type pdf)
<use input_paper.pdf, page 25>
Package pdftex.def Info: input_paper.pdf , page25 used on input line 108.
(pdftex.def)             Requested size: 614.58406pt x 795.3441pt.
 [26 <./input_paper.pdf>]
<input_paper.pdf, id=194, page=26, 614.295pt x 794.97pt>
File: input_paper.pdf Graphic file (type pdf)
<use input_paper.pdf, page 26>
Package pdftex.def Info: input_paper.pdf , page26 used on input line 108.
(pdftex.def)             Requested size: 614.58406pt x 795.3441pt.
File: input_paper.pdf Graphic file (type pdf)
<use input_paper.pdf, page 26>
Package pdftex.def Info: input_paper.pdf , page26 used on input line 108.
(pdftex.def)             Requested size: 614.58406pt x 795.3441pt.
File: input_paper.pdf Graphic file (type pdf)
<use input_paper.pdf, page 26>
Package pdftex.def Info: input_paper.pdf , page26 used on input line 108.
(pdftex.def)             Requested size: 614.58406pt x 795.3441pt.

[27 <./input_paper.pdf>]
<input_paper.pdf, id=202, page=27, 614.295pt x 794.97pt>
File: input_paper.pdf Graphic file (type pdf)
<use input_paper.pdf, page 27>
Package pdftex.def Info: input_paper.pdf , page27 used on input line 108.
(pdftex.def)             Requested size: 614.58406pt x 795.3441pt.
File: input_paper.pdf Graphic file (type pdf)
<use input_paper.pdf, page 27>
Package pdftex.def Info: input_paper.pdf , page27 used on input line 108.
(pdftex.def)             Requested size: 614.58406pt x 795.3441pt.
File: input_paper.pdf Graphic file (type pdf)
<use input_paper.pdf, page 27>
Package pdftex.def Info: input_paper.pdf , page27 used on input line 108.
(pdftex.def)             Requested size: 614.58406pt x 795.3441pt.
 [28 <./input_paper.pdf>]
<input_paper.pdf, id=207, page=28, 614.295pt x 794.97pt>
File: input_paper.pdf Graphic file (type pdf)
<use input_paper.pdf, page 28>
Package pdftex.def Info: input_paper.pdf , page28 used on input line 108.
(pdftex.def)             Requested size: 614.58406pt x 795.3441pt.
File: input_paper.pdf Graphic file (type pdf)
<use input_paper.pdf, page 28>
Package pdftex.def Info: input_paper.pdf , page28 used on input line 108.
(pdftex.def)             Requested size: 614.58406pt x 795.3441pt.
File: input_paper.pdf Graphic file (type pdf)
<use input_paper.pdf, page 28>
Package pdftex.def Info: input_paper.pdf , page28 used on input line 108.
(pdftex.def)             Requested size: 614.58406pt x 795.3441pt.
 [29 <./input_paper.pdf>]
<input_paper.pdf, id=213, page=29, 614.295pt x 794.97pt>
File: input_paper.pdf Graphic file (type pdf)
<use input_paper.pdf, page 29>
Package pdftex.def Info: input_paper.pdf , page29 used on input line 108.
(pdftex.def)             Requested size: 614.58406pt x 795.3441pt.
File: input_paper.pdf Graphic file (type pdf)
<use input_paper.pdf, page 29>
Package pdftex.def Info: input_paper.pdf , page29 used on input line 108.
(pdftex.def)             Requested size: 614.58406pt x 795.3441pt.
File: input_paper.pdf Graphic file (type pdf)
<use input_paper.pdf, page 29>
Package pdftex.def Info: input_paper.pdf , page29 used on input line 108.
(pdftex.def)             Requested size: 614.58406pt x 795.3441pt.

[30 <./input_paper.pdf>]
<input_paper.pdf, id=218, page=30, 614.295pt x 794.97pt>
File: input_paper.pdf Graphic file (type pdf)
<use input_paper.pdf, page 30>
Package pdftex.def Info: input_paper.pdf , page30 used on input line 108.
(pdftex.def)             Requested size: 614.58406pt x 795.3441pt.
File: input_paper.pdf Graphic file (type pdf)
<use input_paper.pdf, page 30>
Package pdftex.def Info: input_paper.pdf , page30 used on input line 108.
(pdftex.def)             Requested size: 614.58406pt x 795.3441pt.
File: input_paper.pdf Graphic file (type pdf)
<use input_paper.pdf, page 30>
Package pdftex.def Info: input_paper.pdf , page30 used on input line 108.
(pdftex.def)             Requested size: 614.58406pt x 795.3441pt.
 [31 <./input_paper.pdf>]
<input_paper.pdf, id=224, page=31, 614.295pt x 794.97pt>
File: input_paper.pdf Graphic file (type pdf)
<use input_paper.pdf, page 31>
Package pdftex.def Info: input_paper.pdf , page31 used on input line 108.
(pdftex.def)             Requested size: 614.58406pt x 795.3441pt.
File: input_paper.pdf Graphic file (type pdf)
<use input_paper.pdf, page 31>
Package pdftex.def Info: input_paper.pdf , page31 used on input line 108.
(pdftex.def)             Requested size: 614.58406pt x 795.3441pt.
File: input_paper.pdf Graphic file (type pdf)
<use input_paper.pdf, page 31>
Package pdftex.def Info: input_paper.pdf , page31 used on input line 108.
(pdftex.def)             Requested size: 614.58406pt x 795.3441pt.
 [32 <./input_paper.pdf>]
<input_paper.pdf, id=230, page=32, 614.295pt x 794.97pt>
File: input_paper.pdf Graphic file (type pdf)
<use input_paper.pdf, page 32>
Package pdftex.def Info: input_paper.pdf , page32 used on input line 108.
(pdftex.def)             Requested size: 614.58406pt x 795.3441pt.
File: input_paper.pdf Graphic file (type pdf)
<use input_paper.pdf, page 32>
Package pdftex.def Info: input_paper.pdf , page32 used on input line 108.
(pdftex.def)             Requested size: 614.58406pt x 795.3441pt.
File: input_paper.pdf Graphic file (type pdf)
<use input_paper.pdf, page 32>
Package pdftex.def Info: input_paper.pdf , page32 used on input line 108.
(pdftex.def)             Requested size: 614.58406pt x 795.3441pt.

[33 <./input_paper.pdf>]
<input_paper.pdf, id=236, page=33, 614.295pt x 794.97pt>
File: input_paper.pdf Graphic file (type pdf)
<use input_paper.pdf, page 33>
Package pdftex.def Info: input_paper.pdf , page33 used on input line 108.
(pdftex.def)             Requested size: 614.58406pt x 795.3441pt.
File: input_paper.pdf Graphic file (type pdf)
<use input_paper.pdf, page 33>
Package pdftex.def Info: input_paper.pdf , page33 used on input line 108.
(pdftex.def)             Requested size: 614.58406pt x 795.3441pt.
File: input_paper.pdf Graphic file (type pdf)
<use input_paper.pdf, page 33>
Package pdftex.def Info: input_paper.pdf , page33 used on input line 108.
(pdftex.def)             Requested size: 614.58406pt x 795.3441pt.
 [34 <./input_paper.pdf>]
<input_paper.pdf, id=241, page=34, 614.295pt x 794.97pt>
File: input_paper.pdf Graphic file (type pdf)
<use input_paper.pdf, page 34>
Package pdftex.def Info: input_paper.pdf , page34 used on input line 108.
(pdftex.def)             Requested size: 614.58406pt x 795.3441pt.
File: input_paper.pdf Graphic file (type pdf)
<use input_paper.pdf, page 34>
Package pdftex.def Info: input_paper.pdf , page34 used on input line 108.
(pdftex.def)             Requested size: 614.58406pt x 795.3441pt.
File: input_paper.pdf Graphic file (type pdf)
<use input_paper.pdf, page 34>
Package pdftex.def Info: input_paper.pdf , page34 used on input line 108.
(pdftex.def)             Requested size: 614.58406pt x 795.3441pt.
 [35 <./input_paper.pdf>]
<input_paper.pdf, id=247, page=35, 614.295pt x 794.97pt>
File: input_paper.pdf Graphic file (type pdf)
<use input_paper.pdf, page 35>
Package pdftex.def Info: input_paper.pdf , page35 used on input line 108.
(pdftex.def)             Requested size: 614.58406pt x 795.3441pt.
File: input_paper.pdf Graphic file (type pdf)
<use input_paper.pdf, page 35>
Package pdftex.def Info: input_paper.pdf , page35 used on input line 108.
(pdftex.def)             Requested size: 614.58406pt x 795.3441pt.
File: input_paper.pdf Graphic file (type pdf)
<use input_paper.pdf, page 35>
Package pdftex.def Info: input_paper.pdf , page35 used on input line 108.
(pdftex.def)             Requested size: 614.58406pt x 795.3441pt.

[36 <./input_paper.pdf>]
<input_paper.pdf, id=253, page=36, 614.295pt x 794.97pt>
File: input_paper.pdf Graphic file (type pdf)
<use input_paper.pdf, page 36>
Package pdftex.def Info: input_paper.pdf , page36 used on input line 108.
(pdftex.def)             Requested size: 614.58406pt x 795.3441pt.
File: input_paper.pdf Graphic file (type pdf)
<use input_paper.pdf, page 36>
Package pdftex.def Info: input_paper.pdf , page36 used on input line 108.
(pdftex.def)             Requested size: 614.58406pt x 795.3441pt.
File: input_paper.pdf Graphic file (type pdf)
<use input_paper.pdf, page 36>
Package pdftex.def Info: input_paper.pdf , page36 used on input line 108.
(pdftex.def)             Requested size: 614.58406pt x 795.3441pt.
 [37 <./input_paper.pdf>]
<input_paper.pdf, id=259, page=37, 614.295pt x 794.97pt>
File: input_paper.pdf Graphic file (type pdf)
<use input_paper.pdf, page 37>
Package pdftex.def Info: input_paper.pdf , page37 used on input line 108.
(pdftex.def)             Requested size: 614.58406pt x 795.3441pt.
File: input_paper.pdf Graphic file (type pdf)
<use input_paper.pdf, page 37>
Package pdftex.def Info: input_paper.pdf , page37 used on input line 108.
(pdftex.def)             Requested size: 614.58406pt x 795.3441pt.
File: input_paper.pdf Graphic file (type pdf)
<use input_paper.pdf, page 37>
Package pdftex.def Info: input_paper.pdf , page37 used on input line 108.
(pdftex.def)             Requested size: 614.58406pt x 795.3441pt.
 [38 <./input_paper.pdf>]
<input_paper.pdf, id=264, page=38, 614.295pt x 794.97pt>
File: input_paper.pdf Graphic file (type pdf)
<use input_paper.pdf, page 38>
Package pdftex.def Info: input_paper.pdf , page38 used on input line 108.
(pdftex.def)             Requested size: 614.58406pt x 795.3441pt.
File: input_paper.pdf Graphic file (type pdf)
<use input_paper.pdf, page 38>
Package pdftex.def Info: input_paper.pdf , page38 used on input line 108.
(pdftex.def)             Requested size: 614.58406pt x 795.3441pt.
File: input_paper.pdf Graphic file (type pdf)
<use input_paper.pdf, page 38>
Package pdftex.def Info: input_paper.pdf , page38 used on input line 108.
(pdftex.def)             Requested size: 614.58406pt x 795.3441pt.

[39 <./input_paper.pdf>]
<input_paper.pdf, id=269, page=39, 614.295pt x 794.97pt>
File: input_paper.pdf Graphic file (type pdf)
<use input_paper.pdf, page 39>
Package pdftex.def Info: input_paper.pdf , page39 used on input line 108.
(pdftex.def)             Requested size: 614.58406pt x 795.3441pt.
File: input_paper.pdf Graphic file (type pdf)
<use input_paper.pdf, page 39>
Package pdftex.def Info: input_paper.pdf , page39 used on input line 108.
(pdftex.def)             Requested size: 614.58406pt x 795.3441pt.
File: input_paper.pdf Graphic file (type pdf)
<use input_paper.pdf, page 39>
Package pdftex.def Info: input_paper.pdf , page39 used on input line 108.
(pdftex.def)             Requested size: 614.58406pt x 795.3441pt.
 [40 <./input_paper.pdf>]
<input_paper.pdf, id=274, page=40, 614.295pt x 794.97pt>
File: input_paper.pdf Graphic file (type pdf)
<use input_paper.pdf, page 40>
Package pdftex.def Info: input_paper.pdf , page40 used on input line 108.
(pdftex.def)             Requested size: 614.58406pt x 795.3441pt.
File: input_paper.pdf Graphic file (type pdf)
<use input_paper.pdf, page 40>
Package pdftex.def Info: input_paper.pdf , page40 used on input line 108.
(pdftex.def)             Requested size: 614.58406pt x 795.3441pt.
File: input_paper.pdf Graphic file (type pdf)
<use input_paper.pdf, page 40>
Package pdftex.def Info: input_paper.pdf , page40 used on input line 108.
(pdftex.def)             Requested size: 614.58406pt x 795.3441pt.
 [41 <./input_paper.pdf>]
<input_paper.pdf, id=279, page=41, 614.295pt x 794.97pt>
File: input_paper.pdf Graphic file (type pdf)
<use input_paper.pdf, page 41>
Package pdftex.def Info: input_paper.pdf , page41 used on input line 108.
(pdftex.def)             Requested size: 614.58406pt x 795.3441pt.
File: input_paper.pdf Graphic file (type pdf)
<use input_paper.pdf, page 41>
Package pdftex.def Info: input_paper.pdf , page41 used on input line 108.
(pdftex.def)             Requested size: 614.58406pt x 795.3441pt.
File: input_paper.pdf Graphic file (type pdf)
<use input_paper.pdf, page 41>
Package pdftex.def Info: input_paper.pdf , page41 used on input line 108.
(pdftex.def)             Requested size: 614.58406pt x 795.3441pt.

[42 <./input_paper.pdf>]
<input_paper.pdf, id=285, page=42, 614.295pt x 794.97pt>
File: input_paper.pdf Graphic file (type pdf)
<use input_paper.pdf, page 42>
Package pdftex.def Info: input_paper.pdf , page42 used on input line 108.
(pdftex.def)             Requested size: 614.58406pt x 795.3441pt.
File: input_paper.pdf Graphic file (type pdf)
<use input_paper.pdf, page 42>
Package pdftex.def Info: input_paper.pdf , page42 used on input line 108.
(pdftex.def)             Requested size: 614.58406pt x 795.3441pt.
File: input_paper.pdf Graphic file (type pdf)
<use input_paper.pdf, page 42>
Package pdftex.def Info: input_paper.pdf , page42 used on input line 108.
(pdftex.def)             Requested size: 614.58406pt x 795.3441pt.
 [43 <./input_paper.pdf>]
<input_paper.pdf, id=291, page=43, 614.295pt x 794.97pt>
File: input_paper.pdf Graphic file (type pdf)
<use input_paper.pdf, page 43>
Package pdftex.def Info: input_paper.pdf , page43 used on input line 108.
(pdftex.def)             Requested size: 614.58406pt x 795.3441pt.
File: input_paper.pdf Graphic file (type pdf)
<use input_paper.pdf, page 43>
Package pdftex.def Info: input_paper.pdf , page43 used on input line 108.
(pdftex.def)             Requested size: 614.58406pt x 795.3441pt.
File: input_paper.pdf Graphic file (type pdf)
<use input_paper.pdf, page 43>
Package pdftex.def Info: input_paper.pdf , page43 used on input line 108.
(pdftex.def)             Requested size: 614.58406pt x 795.3441pt.
 [44 <./input_paper.pdf>]
<input_paper.pdf, id=296, page=44, 614.295pt x 794.97pt>
File: input_paper.pdf Graphic file (type pdf)
<use input_paper.pdf, page 44>
Package pdftex.def Info: input_paper.pdf , page44 used on input line 108.
(pdftex.def)             Requested size: 614.58406pt x 795.3441pt.
File: input_paper.pdf Graphic file (type pdf)
<use input_paper.pdf, page 44>
Package pdftex.def Info: input_paper.pdf , page44 used on input line 108.
(pdftex.def)             Requested size: 614.58406pt x 795.3441pt.
File: input_paper.pdf Graphic file (type pdf)
<use input_paper.pdf, page 44>
Package pdftex.def Info: input_paper.pdf , page44 used on input line 108.
(pdftex.def)             Requested size: 614.58406pt x 795.3441pt.

[45 <./input_paper.pdf>]
<input_paper.pdf, id=306, page=45, 614.295pt x 794.97pt>
File: input_paper.pdf Graphic file (type pdf)
<use input_paper.pdf, page 45>
Package pdftex.def Info: input_paper.pdf , page45 used on input line 108.
(pdftex.def)             Requested size: 614.58406pt x 795.3441pt.
File: input_paper.pdf Graphic file (type pdf)
<use input_paper.pdf, page 45>
Package pdftex.def Info: input_paper.pdf , page45 used on input line 108.
(pdftex.def)             Requested size: 614.58406pt x 795.3441pt.
File: input_paper.pdf Graphic file (type pdf)
<use input_paper.pdf, page 45>
Package pdftex.def Info: input_paper.pdf , page45 used on input line 108.
(pdftex.def)             Requested size: 614.58406pt x 795.3441pt.
 [46 <./input_paper.pdf>]
<input_paper.pdf, id=311, page=46, 614.295pt x 794.97pt>
File: input_paper.pdf Graphic file (type pdf)
<use input_paper.pdf, page 46>
Package pdftex.def Info: input_paper.pdf , page46 used on input line 108.
(pdftex.def)             Requested size: 614.58406pt x 795.3441pt.
File: input_paper.pdf Graphic file (type pdf)
<use input_paper.pdf, page 46>
Package pdftex.def Info: input_paper.pdf , page46 used on input line 108.
(pdftex.def)             Requested size: 614.58406pt x 795.3441pt.
File: input_paper.pdf Graphic file (type pdf)
<use input_paper.pdf, page 46>
Package pdftex.def Info: input_paper.pdf , page46 used on input line 108.
(pdftex.def)             Requested size: 614.58406pt x 795.3441pt.
 [47 <./input_paper.pdf>]
<input_paper.pdf, id=316, page=47, 614.295pt x 794.97pt>
File: input_paper.pdf Graphic file (type pdf)
<use input_paper.pdf, page 47>
Package pdftex.def Info: input_paper.pdf , page47 used on input line 108.
(pdftex.def)             Requested size: 614.58406pt x 795.3441pt.
File: input_paper.pdf Graphic file (type pdf)
<use input_paper.pdf, page 47>
Package pdftex.def Info: input_paper.pdf , page47 used on input line 108.
(pdftex.def)             Requested size: 614.58406pt x 795.3441pt.
File: input_paper.pdf Graphic file (type pdf)
<use input_paper.pdf, page 47>
Package pdftex.def Info: input_paper.pdf , page47 used on input line 108.
(pdftex.def)             Requested size: 614.58406pt x 795.3441pt.

[48 <./input_paper.pdf>]
<input_paper.pdf, id=331, page=48, 614.295pt x 794.97pt>
File: input_paper.pdf Graphic file (type pdf)
<use input_paper.pdf, page 48>
Package pdftex.def Info: input_paper.pdf , page48 used on input line 108.
(pdftex.def)             Requested size: 614.58406pt x 795.3441pt.
File: input_paper.pdf Graphic file (type pdf)
<use input_paper.pdf, page 48>
Package pdftex.def Info: input_paper.pdf , page48 used on input line 108.
(pdftex.def)             Requested size: 614.58406pt x 795.3441pt.
File: input_paper.pdf Graphic file (type pdf)
<use input_paper.pdf, page 48>
Package pdftex.def Info: input_paper.pdf , page48 used on input line 108.
(pdftex.def)             Requested size: 614.58406pt x 795.3441pt.
 [49 <./input_paper.pdf>]
<input_paper.pdf, id=337, page=49, 614.295pt x 794.97pt>
File: input_paper.pdf Graphic file (type pdf)
<use input_paper.pdf, page 49>
Package pdftex.def Info: input_paper.pdf , page49 used on input line 108.
(pdftex.def)             Requested size: 614.58406pt x 795.3441pt.
File: input_paper.pdf Graphic file (type pdf)
<use input_paper.pdf, page 49>
Package pdftex.def Info: input_paper.pdf , page49 used on input line 108.
(pdftex.def)             Requested size: 614.58406pt x 795.3441pt.
File: input_paper.pdf Graphic file (type pdf)
<use input_paper.pdf, page 49>
Package pdftex.def Info: input_paper.pdf , page49 used on input line 108.
(pdftex.def)             Requested size: 614.58406pt x 795.3441pt.
 [50 <./input_paper.pdf>]
<input_paper.pdf, id=342, page=50, 614.295pt x 794.97pt>
File: input_paper.pdf Graphic file (type pdf)
<use input_paper.pdf, page 50>
Package pdftex.def Info: input_paper.pdf , page50 used on input line 108.
(pdftex.def)             Requested size: 614.58406pt x 795.3441pt.
File: input_paper.pdf Graphic file (type pdf)
<use input_paper.pdf, page 50>
Package pdftex.def Info: input_paper.pdf , page50 used on input line 108.
(pdftex.def)             Requested size: 614.58406pt x 795.3441pt.
File: input_paper.pdf Graphic file (type pdf)
<use input_paper.pdf, page 50>
Package pdftex.def Info: input_paper.pdf , page50 used on input line 108.
(pdftex.def)             Requested size: 614.58406pt x 795.3441pt.

[51 <./input_paper.pdf>]
<input_paper.pdf, id=347, page=51, 614.295pt x 794.97pt>
File: input_paper.pdf Graphic file (type pdf)
<use input_paper.pdf, page 51>
Package pdftex.def Info: input_paper.pdf , page51 used on input line 108.
(pdftex.def)             Requested size: 614.58406pt x 795.3441pt.
File: input_paper.pdf Graphic file (type pdf)
<use input_paper.pdf, page 51>
Package pdftex.def Info: input_paper.pdf , page51 used on input line 108.
(pdftex.def)             Requested size: 614.58406pt x 795.3441pt.
File: input_paper.pdf Graphic file (type pdf)
<use input_paper.pdf, page 51>
Package pdftex.def Info: input_paper.pdf , page51 used on input line 108.
(pdftex.def)             Requested size: 614.58406pt x 795.3441pt.
 [52 <./input_paper.pdf>]
<input_paper.pdf, id=352, page=52, 614.295pt x 794.97pt>
File: input_paper.pdf Graphic file (type pdf)
<use input_paper.pdf, page 52>
Package pdftex.def Info: input_paper.pdf , page52 used on input line 108.
(pdftex.def)             Requested size: 614.58406pt x 795.3441pt.
File: input_paper.pdf Graphic file (type pdf)
<use input_paper.pdf, page 52>
Package pdftex.def Info: input_paper.pdf , page52 used on input line 108.
(pdftex.def)             Requested size: 614.58406pt x 795.3441pt.
File: input_paper.pdf Graphic file (type pdf)
<use input_paper.pdf, page 52>
Package pdftex.def Info: input_paper.pdf , page52 used on input line 108.
(pdftex.def)             Requested size: 614.58406pt x 795.3441pt.
 [53 <./input_paper.pdf>]
<input_paper.pdf, id=357, page=53, 614.295pt x 794.97pt>
File: input_paper.pdf Graphic file (type pdf)
<use input_paper.pdf, page 53>
Package pdftex.def Info: input_paper.pdf , page53 used on input line 108.
(pdftex.def)             Requested size: 614.58406pt x 795.3441pt.
File: input_paper.pdf Graphic file (type pdf)
<use input_paper.pdf, page 53>
Package pdftex.def Info: input_paper.pdf , page53 used on input line 108.
(pdftex.def)             Requested size: 614.58406pt x 795.3441pt.
File: input_paper.pdf Graphic file (type pdf)
<use input_paper.pdf, page 53>
Package pdftex.def Info: input_paper.pdf , page53 used on input line 108.
(pdftex.def)             Requested size: 614.58406pt x 795.3441pt.

[54 <./input_paper.pdf>]
<input_paper.pdf, id=362, page=54, 614.295pt x 794.97pt>
File: input_paper.pdf Graphic file (type pdf)
<use input_paper.pdf, page 54>
Package pdftex.def Info: input_paper.pdf , page54 used on input line 108.
(pdftex.def)             Requested size: 614.58406pt x 795.3441pt.
File: input_paper.pdf Graphic file (type pdf)
<use input_paper.pdf, page 54>
Package pdftex.def Info: input_paper.pdf , page54 used on input line 108.
(pdftex.def)             Requested size: 614.58406pt x 795.3441pt.
File: input_paper.pdf Graphic file (type pdf)
<use input_paper.pdf, page 54>
Package pdftex.def Info: input_paper.pdf , page54 used on input line 108.
(pdftex.def)             Requested size: 614.58406pt x 795.3441pt.
 [55 <./input_paper.pdf>]
<input_paper.pdf, id=368, page=55, 614.295pt x 794.97pt>
File: input_paper.pdf Graphic file (type pdf)
<use input_paper.pdf, page 55>
Package pdftex.def Info: input_paper.pdf , page55 used on input line 108.
(pdftex.def)             Requested size: 614.58406pt x 795.3441pt.
File: input_paper.pdf Graphic file (type pdf)
<use input_paper.pdf, page 55>
Package pdftex.def Info: input_paper.pdf , page55 used on input line 108.
(pdftex.def)             Requested size: 614.58406pt x 795.3441pt.
File: input_paper.pdf Graphic file (type pdf)
<use input_paper.pdf, page 55>
Package pdftex.def Info: input_paper.pdf , page55 used on input line 108.
(pdftex.def)             Requested size: 614.58406pt x 795.3441pt.
 [56 <./input_paper.pdf>]
Package atveryend Info: Empty hook `BeforeClearDocument' on input line 110.
Package atveryend Info: Empty hook `AfterLastShipout' on input line 110.

(./casp_template.aux)
Package atveryend Info: Executing hook `AtVeryEndDocument' on input line 110.
Package atveryend Info: Executing hook `AtEndAfterFileList' on input line 110.
Package rerunfilecheck Info: File `casp_template.out' has not changed.
(rerunfilecheck)             Checksum: D41D8CD98F00B204E9800998ECF8427E;0.
Package atveryend Info: Empty hook `AtVeryVeryEnd' on input line 110.
 ) 
Here is how much of TeX's memory you used:
 16282 strings out of 492982
 309375 string characters out of 6134896
 367164 words of memory out of 5000000
 19523 multiletter control sequences out of 15000+600000
 19969 words of font info for 43 fonts, out of 8000000 for 9000
 1141 hyphenation exceptions out of 8191
 55i,18n,54p,413b,449s stack positions out of 5000i,500n,10000p,200000b,80000s
{/usr/share/texlive/texmf-dist/fonts/enc/dvips/base/8r.enc}</usr/share/texliv
e/texmf-dist/fonts/type1/bitstrea/charter/bchb8a.pfb></usr/share/texlive/texmf-
dist/fonts/type1/bitstrea/charter/bchr8a.pfb></usr/share/texlive/texmf-dist/fon
ts/type1/bitstrea/charter/bchri8a.pfb></usr/share/texlive/texmf-dist/fonts/type
1/public/mathdesign/mdbch/md-chr7t.pfb></usr/share/texlive/texmf-dist/fonts/typ
e1/public/mathdesign/mdbch/md-chr7v.pfb></usr/share/texlive/texmf-dist/fonts/ty
pe1/public/mathdesign/mdbch/md-chr7y.pfb></usr/share/texlive/texmf-dist/fonts/t
ype1/public/mathdesign/mdbch/md-chr8t.pfb></usr/share/texlive/texmf-dist/fonts/
type1/public/mathdesign/mdbch/md-chri7m.pfb></usr/share/texmf/fonts/type1/publi
c/cm-super/sftt1200.pfb></usr/share/texlive/texmf-dist/fonts/type1/urw/ncntrsbk
/uncb8a.pfb></usr/share/texlive/texmf-dist/fonts/type1/urw/ncntrsbk/uncr8a.pfb>

Output written on casp_template.pdf (56 pages, 7123676 bytes).
PDF statistics:
 409 PDF objects out of 1000 (max. 8388607)
 257 compressed objects within 3 object streams
 57 named destinations out of 1000 (max. 500000)
 303 words of extra memory for PDF output out of 10000 (max. 10000000)

